<?xml version="1.0" encoding="UTF-8" standalone="no"?><testsuite errors="1" failures="0" name="Checkout process at SauceDemo" skipped="0" tests="1" time="39.97" timestamp="2026-03-30 06:23:17"><testcase name="Successful purchase of two products"><error message="Could not instantiate class org.openqa.selenium.chrome.ChromeDriver" type="net.thucydides.core.webdriver.DriverConfigurationError">Could not instantiate class org.openqa.selenium.chrome.ChromeDriver</error><system-err>Could not instantiate class org.openqa.selenium.chrome.ChromeDriver
com.saucedemo.stepdefinitions.CheckoutStepDefinitions.standardUserLogsIntoSauceDemo(CheckoutStepDefinitions.java:19)
worker.org.gradle.process.internal.worker.GradleWorkerMain.run(GradleWorkerMain.java:69)
worker.org.gradle.process.internal.worker.GradleWorkerMain.main(GradleWorkerMain.java:74)
</system-err></testcase></testsuite>